<?xml version="1.0" encoding="UTF-8"?>
<coverage generated="1307940288">
  <project timestamp="1307940288">
    <file name="/Library/WebServer/Documents/testJenkins/src/Calculator.php">
      <class name="Calculator" namespace="global">
        <metrics methods="1" coveredmethods="1" conditionals="0" coveredconditionals="0" statements="1" coveredstatements="1" elements="2" coveredelements="2"/>
      </class>
      <line num="10" type="method" name="add" crap="1" count="4"/>
      <line num="12" type="stmt" count="4"/>
      <metrics loc="15" ncloc="9" classes="1" methods="1" coveredmethods="1" conditionals="0" coveredconditionals="0" statements="1" coveredstatements="1" elements="2" coveredelements="2"/>
    </file>
    <metrics files="1" loc="15" ncloc="9" classes="1" methods="1" coveredmethods="1" conditionals="0" coveredconditionals="0" statements="1" coveredstatements="1" elements="2" coveredelements="2"/>
  </project>
</coverage>
